
=== Thu Feb  6 18:56:22 2020

Packages were changed.
Update Mode: updateDependencies

The following packages were added:
  com.unity.2d.tilemap@1.0.0
  com.unity.test-framework@1.1.9
  com.unity.timeline@1.2.10
  com.unity.2d.sprite@1.0.0
  com.unity.ide.vscode@1.1.4
  com.unity.ide.rider@1.1.4
  com.unity.ugui@1.0.0
  com.unity.xr.legacyinputhelpers@1.3.8
  com.unity.modules.androidjni@1.0.0
  com.unity.modules.vr@1.0.0
  com.unity.modules.xr@1.0.0
  com.unity.multiplayer-hlapi@1.0.4
The following packages were updated:
  com.unity.textmeshpro from version 1.4.1 to 2.0.1
The following packages were removed:
  com.unity.package-manager-ui@2.0.7
