2019-07-14 13:43:42.0246   System.Reflection.ReflectionTypeLoadException: Unable to load one or more of the requested types.
Could not load type 'ETModel.Actor_Test' from assembly 'Model, Version=1.0.0.0, Culture=neutral, PublicKeyToken=null'.
   at System.Reflection.RuntimeModule.GetTypes(RuntimeModule module)
   at System.Reflection.RuntimeModule.GetTypes()
   at System.Reflection.Assembly.GetTypes()
   at ETModel.EventSystem.Add(DLLType dllType, Assembly assembly) in J:\Xnova\Legends-Of-Heroes\Unity\Assets\Model\Base\Object\EventSystem.cs:line 56
   at App.Program.Main(String[] args) in J:\Xnova\Legends-Of-Heroes\Server\App\Program.cs:line 18
System.TypeLoadException: Could not load type 'ETModel.Actor_Test' from assembly 'Model, Version=1.0.0.0, Culture=neutral, PublicKeyToken=null'. 
 Main at offset 264 in file:line:column J:\Xnova\Legends-Of-Heroes\Server\App\Program.cs:18:5
Error at offset 132 in file:line:column J:\Xnova\Legends-Of-Heroes\Server\Model\Base\Log.cs:31:4
Error at offset 58 in file:line:column J:\Xnova\Legends-Of-Heroes\Server\Model\Base\Logger\NLogAdapter.cs:31:4

2019-07-14 14:17:00.6746   System.Reflection.ReflectionTypeLoadException: Unable to load one or more of the requested types.
Could not load type 'ETModel.Actor_Test' from assembly 'Model, Version=1.0.0.0, Culture=neutral, PublicKeyToken=null'.
   at System.Reflection.RuntimeModule.GetTypes(RuntimeModule module)
   at System.Reflection.RuntimeModule.GetTypes()
   at System.Reflection.Assembly.GetTypes()
   at ETModel.EventSystem.Add(DLLType dllType, Assembly assembly) in J:\Xnova\Legends-Of-Heroes\Unity\Assets\Model\Base\Object\EventSystem.cs:line 56
   at App.Program.Main(String[] args) in J:\Xnova\Legends-Of-Heroes\Server\App\Program.cs:line 18
System.TypeLoadException: Could not load type 'ETModel.Actor_Test' from assembly 'Model, Version=1.0.0.0, Culture=neutral, PublicKeyToken=null'. 
 Main at offset 264 in file:line:column J:\Xnova\Legends-Of-Heroes\Server\App\Program.cs:18:5
Error at offset 132 in file:line:column J:\Xnova\Legends-Of-Heroes\Server\Model\Base\Log.cs:31:4
Error at offset 58 in file:line:column J:\Xnova\Legends-Of-Heroes\Server\Model\Base\Logger\NLogAdapter.cs:31:4

2019-07-14 14:24:42.3956   System.Reflection.ReflectionTypeLoadException: Unable to load one or more of the requested types.
Could not load type 'ETModel.Actor_Test' from assembly 'Model, Version=1.0.0.0, Culture=neutral, PublicKeyToken=null'.
   at System.Reflection.RuntimeModule.GetTypes(RuntimeModule module)
   at System.Reflection.RuntimeModule.GetTypes()
   at System.Reflection.Assembly.GetTypes()
   at ETModel.EventSystem.Add(DLLType dllType, Assembly assembly) in J:\Xnova\Legends-Of-Heroes\Unity\Assets\Model\Base\Object\EventSystem.cs:line 56
   at App.Program.Main(String[] args) in J:\Xnova\Legends-Of-Heroes\Server\App\Program.cs:line 18
System.TypeLoadException: Could not load type 'ETModel.Actor_Test' from assembly 'Model, Version=1.0.0.0, Culture=neutral, PublicKeyToken=null'. 
 Main at offset 264 in file:line:column J:\Xnova\Legends-Of-Heroes\Server\App\Program.cs:18:5
Error at offset 132 in file:line:column J:\Xnova\Legends-Of-Heroes\Server\Model\Base\Log.cs:31:4
Error at offset 58 in file:line:column J:\Xnova\Legends-Of-Heroes\Server\Model\Base\Logger\NLogAdapter.cs:31:4

