2019-03-02 11:17:40.5559 AllServer 0001 (Session.cs:150) { "_t" : "C2R_Login", "RpcId" : 1, "Account" : "", "Password" : "111111" }
2019-03-02 11:17:40.5823 AllServer 0001 (Session.cs:269) { "_t" : "R2G_GetLoginKey", "RpcId" : 1, "Account" : "" }
2019-03-02 11:17:40.6126 AllServer 0001 (Session.cs:150) { "_t" : "R2G_GetLoginKey", "RpcId" : 1, "Account" : "" }
2019-03-02 11:17:40.6126 AllServer 0001 (Session.cs:269) { "_t" : "G2R_GetLoginKey", "RpcId" : 1, "Error" : 0, "Message" : null, "Key" : NumberLong("6248113229576435741") }
2019-03-02 11:17:40.6250 AllServer 0001 (Session.cs:150) { "_t" : "G2R_GetLoginKey", "RpcId" : 1, "Error" : 0, "Message" : null, "Key" : NumberLong("6248113229576435741") }
2019-03-02 11:17:40.6502 AllServer 0001 (Session.cs:269) { "_t" : "R2C_Login", "RpcId" : 1, "Error" : 0, "Message" : "", "Address" : "127.0.0.1:10002", "Key" : NumberLong("6248113229576435741") }
2019-03-02 11:17:40.7114 AllServer 0001 (Session.cs:150) { "_t" : "C2G_LoginGate", "RpcId" : 2, "Key" : NumberLong("6248113229576435741") }
2019-03-02 11:17:40.7231 AllServer 0001 (Session.cs:269) { "_t" : "G2C_LoginGate", "RpcId" : 2, "Error" : 0, "Message" : "", "PlayerId" : NumberLong("383153861820490") }
2019-03-02 11:17:40.7231 AllServer 0001 (Session.cs:269) { "_t" : "G2C_TestHotfixMessage", "Info" : "recv hotfix message success" }
2019-03-02 11:17:40.7748 AllServer 0001 (Session.cs:150) { "_t" : "C2G_PlayerInfo", "RpcId" : 3 }
2019-03-02 11:17:40.7908 AllServer 0001 (Session.cs:269) { "_t" : "G2C_PlayerInfo", "RpcId" : 3, "Error" : 0, "Message" : "", "PlayerInfo" : { "RpcId" : 0 }, "PlayerInfos" : [{ "RpcId" : 1 }, { "RpcId" : 2 }, { "RpcId" : 3 }], "TestRepeatedString" : ["9", "10"], "TestRepeatedInt32" : [4, 5, 6], "TestRepeatedInt64" : [NumberLong(7), NumberLong(8)] }
2019-03-02 11:17:42.8148 AllServer 0001 (Session.cs:150) { "_t" : "C2G_EnterMap", "RpcId" : 1 }
2019-03-02 11:17:42.8148 AllServer 0001 (Session.cs:269) { "_t" : "G2M_CreateUnit", "RpcId" : 2, "PlayerId" : NumberLong("383153861820490"), "GateSessionId" : NumberLong("383153861820489") }
2019-03-02 11:17:42.8148 AllServer 0001 (Session.cs:150) { "_t" : "G2M_CreateUnit", "RpcId" : 2, "PlayerId" : NumberLong("383153861820490"), "GateSessionId" : NumberLong("383153861820489") }
2019-03-02 11:17:42.8148 AllServer 0001 (Session.cs:269) { "_t" : "ObjectAddRequest", "RpcId" : 3, "Key" : NumberLong("383153861951565"), "InstanceId" : NumberLong("383153861951566") }
2019-03-02 11:17:42.8303 AllServer 0001 (Session.cs:150) { "_t" : "ObjectAddRequest", "RpcId" : 3, "Key" : NumberLong("383153861951565"), "InstanceId" : NumberLong("383153861951566") }
2019-03-02 11:17:42.8303 AllServer 0001 (Session.cs:269) { "_t" : "ObjectAddResponse", "RpcId" : 3, "Error" : 0, "Message" : null }
2019-03-02 11:17:42.8303 AllServer 0001 (Session.cs:150) { "_t" : "ObjectAddResponse", "RpcId" : 3, "Error" : 0, "Message" : null }
2019-03-02 11:17:42.8505 AllServer 0001 (Session.cs:269) { "_t" : "M2C_CreateUnits", "RpcId" : 0, "ActorId" : NumberLong("383153861820489"), "Units" : [{ "UnitId" : NumberLong("383153861951565"), "X" : -10.0, "Y" : 0.0, "Z" : -10.0 }] }
2019-03-02 11:17:42.8589 AllServer 0001 (Session.cs:150) { "_t" : "M2C_CreateUnits", "RpcId" : 0, "ActorId" : NumberLong("383153861820489"), "Units" : [{ "UnitId" : NumberLong("383153861951565"), "X" : -10.0, "Y" : 0.0, "Z" : -10.0 }] }
2019-03-02 11:17:42.8589 AllServer 0001 (Session.cs:269) { "_t" : "M2C_CreateUnits", "RpcId" : 0, "ActorId" : NumberLong(0), "Units" : [{ "UnitId" : NumberLong("383153861951565"), "X" : -10.0, "Y" : 0.0, "Z" : -10.0 }] }
2019-03-02 11:17:42.8589 AllServer 0001 (Session.cs:269) { "_t" : "M2G_CreateUnit", "Units" : [], "RpcId" : 2, "Error" : 0, "Message" : null, "UnitId" : NumberLong("383153861951565") }
2019-03-02 11:17:42.8589 AllServer 0001 (Session.cs:150) { "_t" : "M2G_CreateUnit", "Units" : [], "RpcId" : 2, "Error" : 0, "Message" : null, "UnitId" : NumberLong("383153861951565") }
2019-03-02 11:17:42.8589 AllServer 0001 (Session.cs:269) { "_t" : "G2C_EnterMap", "RpcId" : 1, "Error" : 0, "Message" : "", "UnitId" : NumberLong("383153861951565"), "Units" : [] }
2019-03-02 11:17:44.1782 AllServer 0001 (Session.cs:150) { "_t" : "Frame_ClickMap", "RpcId" : 0, "ActorId" : NumberLong(0), "_id" : NumberLong(0), "X" : -9.6713800430297852, "Y" : 0.010000000707805157, "Z" : 5.9517784118652344 }
2019-03-02 11:17:44.1782 AllServer 0001 (Session.cs:150) { "_t" : "C2M_TestActorRequest", "RpcId" : 4, "ActorId" : NumberLong(0), "Info" : "actor rpc request" }
2019-03-02 11:17:44.1909 AllServer 0001 (Session.cs:269) { "_t" : "ObjectGetRequest", "RpcId" : 4, "Key" : NumberLong("383153861951565") }
2019-03-02 11:17:44.1909 AllServer 0001 (Session.cs:150) { "_t" : "ObjectGetRequest", "RpcId" : 4, "Key" : NumberLong("383153861951565") }
2019-03-02 11:17:44.1909 AllServer 0001 (Session.cs:269) { "_t" : "ObjectGetResponse", "RpcId" : 4, "Error" : 0, "Message" : null, "InstanceId" : NumberLong("383153861951566") }
2019-03-02 11:17:44.1909 AllServer 0001 (Session.cs:150) { "_t" : "ObjectGetResponse", "RpcId" : 4, "Error" : 0, "Message" : null, "InstanceId" : NumberLong("383153861951566") }
2019-03-02 11:17:44.2105 AllServer 0001 (Session.cs:269) { "_t" : "Frame_ClickMap", "RpcId" : 5, "ActorId" : NumberLong("383153861951566"), "_id" : NumberLong(0), "X" : -9.6713800430297852, "Y" : 0.010000000707805157, "Z" : 5.9517784118652344 }
2019-03-02 11:17:44.2105 AllServer 0001 (Session.cs:150) { "_t" : "Frame_ClickMap", "RpcId" : 5, "ActorId" : NumberLong("383153861951566"), "_id" : NumberLong(0), "X" : -9.6713800430297852, "Y" : 0.010000000707805157, "Z" : 5.9517784118652344 }
2019-03-02 11:17:44.2190 AllServer 0001 (Session.cs:269) { "_t" : "ActorResponse", "RpcId" : 5, "Error" : 0, "Message" : null }
2019-03-02 11:17:44.2190 AllServer 0001 (Session.cs:150) { "_t" : "ActorResponse", "RpcId" : 5, "Error" : 0, "Message" : null }
2019-03-02 11:17:44.2841 AllServer 0001 (UnitPathComponentSystem.cs:45) find result: (-10, 0, -10),(-9.671381, 0, 5.951778),
2019-03-02 11:17:44.2841 AllServer 0001 (Session.cs:269) { "_t" : "M2C_PathfindingResult", "ActorId" : NumberLong("383153861820489"), "_id" : NumberLong("383153861951565"), "X" : -10.0, "Y" : 0.0, "Z" : -10.0, "Xs" : [-9.6713809967041016], "Ys" : [0.0], "Zs" : [5.9517779350280762] }
2019-03-02 11:17:44.3000 AllServer 0001 (Session.cs:150) { "_t" : "M2C_PathfindingResult", "ActorId" : NumberLong("383153861820489"), "_id" : NumberLong("383153861951565"), "X" : -10.0, "Y" : 0.0, "Z" : -10.0, "Xs" : [-9.6713809967041016], "Ys" : [0.0], "Zs" : [5.9517779350280762] }
2019-03-02 11:17:44.3000 AllServer 0001 (Session.cs:269) { "_t" : "M2C_PathfindingResult", "ActorId" : NumberLong(0), "_id" : NumberLong("383153861951565"), "X" : -10.0, "Y" : 0.0, "Z" : -10.0, "Xs" : [-9.6713809967041016], "Ys" : [0.0], "Zs" : [5.9517779350280762] }
2019-03-02 11:17:44.3000 AllServer 0001 (Session.cs:269) { "_t" : "C2M_TestActorRequest", "RpcId" : 6, "ActorId" : NumberLong("383153861951566"), "Info" : "actor rpc request" }
2019-03-02 11:17:44.3129 AllServer 0001 (Session.cs:150) { "_t" : "C2M_TestActorRequest", "RpcId" : 6, "ActorId" : NumberLong("383153861951566"), "Info" : "actor rpc request" }
2019-03-02 11:17:44.3129 AllServer 0001 (Session.cs:269) { "_t" : "M2C_TestActorResponse", "RpcId" : 6, "Error" : 0, "Message" : "", "Info" : "actor rpc response" }
2019-03-02 11:17:44.3129 AllServer 0001 (Session.cs:150) { "_t" : "M2C_TestActorResponse", "RpcId" : 6, "Error" : 0, "Message" : "", "Info" : "actor rpc response" }
2019-03-02 11:17:44.3129 AllServer 0001 (Session.cs:269) { "_t" : "M2C_TestActorResponse", "RpcId" : 4, "Error" : 0, "Message" : "", "Info" : "actor rpc response" }
2019-03-02 11:17:45.3194 AllServer 0001 (Session.cs:150) { "_t" : "Frame_ClickMap", "RpcId" : 0, "ActorId" : NumberLong(0), "_id" : NumberLong(0), "X" : -4.3365073204040527, "Y" : 0.010000000707805157, "Z" : 1.6998939514160156 }
2019-03-02 11:17:45.3194 AllServer 0001 (Session.cs:269) { "_t" : "Frame_ClickMap", "RpcId" : 7, "ActorId" : NumberLong("383153861951566"), "_id" : NumberLong(0), "X" : -4.3365073204040527, "Y" : 0.010000000707805157, "Z" : 1.6998939514160156 }
2019-03-02 11:17:45.3194 AllServer 0001 (Session.cs:150) { "_t" : "Frame_ClickMap", "RpcId" : 7, "ActorId" : NumberLong("383153861951566"), "_id" : NumberLong(0), "X" : -4.3365073204040527, "Y" : 0.010000000707805157, "Z" : 1.6998939514160156 }
2019-03-02 11:17:45.3194 AllServer 0001 (Session.cs:269) { "_t" : "ActorResponse", "RpcId" : 7, "Error" : 0, "Message" : null }
2019-03-02 11:17:45.3194 AllServer 0001 (Session.cs:150) { "_t" : "ActorResponse", "RpcId" : 7, "Error" : 0, "Message" : null }
2019-03-02 11:17:45.3274 AllServer 0001 (UnitPathComponentSystem.cs:45) find result: (-9.896091, 0, -4.956018),(-4.336507, 0, 1.699893),
2019-03-02 11:17:45.3274 AllServer 0001 (Session.cs:269) { "_t" : "M2C_PathfindingResult", "ActorId" : NumberLong("383153861820489"), "_id" : NumberLong("383153861951565"), "X" : -9.894648551940918, "Y" : 0.0, "Z" : -4.8860330581665039, "Xs" : [-4.3365073204040527], "Ys" : [0.0], "Zs" : [1.6998934745788574] }
2019-03-02 11:17:45.3274 AllServer 0001 (Session.cs:150) { "_t" : "M2C_PathfindingResult", "ActorId" : NumberLong("383153861820489"), "_id" : NumberLong("383153861951565"), "X" : -9.894648551940918, "Y" : 0.0, "Z" : -4.8860330581665039, "Xs" : [-4.3365073204040527], "Ys" : [0.0], "Zs" : [1.6998934745788574] }
2019-03-02 11:17:45.3274 AllServer 0001 (Session.cs:269) { "_t" : "M2C_PathfindingResult", "ActorId" : NumberLong(0), "_id" : NumberLong("383153861951565"), "X" : -9.894648551940918, "Y" : 0.0, "Z" : -4.8860330581665039, "Xs" : [-4.3365073204040527], "Ys" : [0.0], "Zs" : [1.6998934745788574] }
2019-03-02 11:17:45.3274 AllServer 0001 (Session.cs:150) { "_t" : "C2M_TestActorRequest", "RpcId" : 5, "ActorId" : NumberLong(0), "Info" : "actor rpc request" }
2019-03-02 11:17:45.3274 AllServer 0001 (Session.cs:269) { "_t" : "C2M_TestActorRequest", "RpcId" : 8, "ActorId" : NumberLong("383153861951566"), "Info" : "actor rpc request" }
2019-03-02 11:17:45.3274 AllServer 0001 (Session.cs:150) { "_t" : "C2M_TestActorRequest", "RpcId" : 8, "ActorId" : NumberLong("383153861951566"), "Info" : "actor rpc request" }
2019-03-02 11:17:45.3274 AllServer 0001 (Session.cs:269) { "_t" : "M2C_TestActorResponse", "RpcId" : 8, "Error" : 0, "Message" : "", "Info" : "actor rpc response" }
2019-03-02 11:17:45.3274 AllServer 0001 (Session.cs:150) { "_t" : "M2C_TestActorResponse", "RpcId" : 8, "Error" : 0, "Message" : "", "Info" : "actor rpc response" }
2019-03-02 11:17:45.3274 AllServer 0001 (Session.cs:269) { "_t" : "M2C_TestActorResponse", "RpcId" : 5, "Error" : 0, "Message" : "", "Info" : "actor rpc response" }
2019-03-02 11:17:49.1657 AllServer 0001 (Session.cs:150) { "_t" : "Frame_ClickMap", "RpcId" : 0, "ActorId" : NumberLong(0), "_id" : NumberLong(0), "X" : 11.123637199401855, "Y" : 2.0, "Z" : -6.3304538726806641 }
2019-03-02 11:17:49.1657 AllServer 0001 (Session.cs:269) { "_t" : "Frame_ClickMap", "RpcId" : 9, "ActorId" : NumberLong("383153861951566"), "_id" : NumberLong(0), "X" : 11.123637199401855, "Y" : 2.0, "Z" : -6.3304538726806641 }
2019-03-02 11:17:49.1657 AllServer 0001 (Session.cs:150) { "_t" : "Frame_ClickMap", "RpcId" : 9, "ActorId" : NumberLong("383153861951566"), "_id" : NumberLong(0), "X" : 11.123637199401855, "Y" : 2.0, "Z" : -6.3304538726806641 }
2019-03-02 11:17:49.1657 AllServer 0001 (Session.cs:269) { "_t" : "ActorResponse", "RpcId" : 9, "Error" : 0, "Message" : null }
2019-03-02 11:17:49.1657 AllServer 0001 (Session.cs:150) { "_t" : "ActorResponse", "RpcId" : 9, "Error" : 0, "Message" : null }
2019-03-02 11:17:49.1657 AllServer 0001 (UnitPathComponentSystem.cs:45) find result: (-4.336507, 0, 1.699893),(-2.6, 0, 2),(-1, 0, 2),(1.2, 0, 1.8),(1.6, 0, 1.2),(3.2, 0, -2.4),(3.8, 0, -3),(7.400001, 0, -4.2),(8, 0, -4.8),(9.200001, 0, -6.330454),
2019-03-02 11:17:49.1657 AllServer 0001 (Session.cs:269) { "_t" : "M2C_PathfindingResult", "ActorId" : NumberLong("383153861820489"), "_id" : NumberLong("383153861951565"), "X" : -4.3365073204040527, "Y" : 0.0, "Z" : 1.6998934745788574, "Xs" : [-2.6000001430511475, -1.0, 1.2000000476837158], "Ys" : [0.0, 0.0, 0.0], "Zs" : [2.0, 2.0, 1.8000000715255737] }
2019-03-02 11:17:49.1727 AllServer 0001 (Session.cs:150) { "_t" : "M2C_PathfindingResult", "ActorId" : NumberLong("383153861820489"), "_id" : NumberLong("383153861951565"), "X" : -4.3365073204040527, "Y" : 0.0, "Z" : 1.6998934745788574, "Xs" : [-2.6000001430511475, -1.0, 1.2000000476837158], "Ys" : [0.0, 0.0, 0.0], "Zs" : [2.0, 2.0, 1.8000000715255737] }
2019-03-02 11:17:49.1727 AllServer 0001 (Session.cs:269) { "_t" : "M2C_PathfindingResult", "ActorId" : NumberLong(0), "_id" : NumberLong("383153861951565"), "X" : -4.3365073204040527, "Y" : 0.0, "Z" : 1.6998934745788574, "Xs" : [-2.6000001430511475, -1.0, 1.2000000476837158], "Ys" : [0.0, 0.0, 0.0], "Zs" : [2.0, 2.0, 1.8000000715255737] }
2019-03-02 11:17:49.1727 AllServer 0001 (Session.cs:150) { "_t" : "C2M_TestActorRequest", "RpcId" : 6, "ActorId" : NumberLong(0), "Info" : "actor rpc request" }
2019-03-02 11:17:49.1727 AllServer 0001 (Session.cs:269) { "_t" : "C2M_TestActorRequest", "RpcId" : 10, "ActorId" : NumberLong("383153861951566"), "Info" : "actor rpc request" }
2019-03-02 11:17:49.1727 AllServer 0001 (Session.cs:150) { "_t" : "C2M_TestActorRequest", "RpcId" : 10, "ActorId" : NumberLong("383153861951566"), "Info" : "actor rpc request" }
2019-03-02 11:17:49.1727 AllServer 0001 (Session.cs:269) { "_t" : "M2C_TestActorResponse", "RpcId" : 10, "Error" : 0, "Message" : "", "Info" : "actor rpc response" }
2019-03-02 11:17:49.1727 AllServer 0001 (Session.cs:150) { "_t" : "M2C_TestActorResponse", "RpcId" : 10, "Error" : 0, "Message" : "", "Info" : "actor rpc response" }
2019-03-02 11:17:49.1727 AllServer 0001 (Session.cs:269) { "_t" : "M2C_TestActorResponse", "RpcId" : 6, "Error" : 0, "Message" : "", "Info" : "actor rpc response" }
2019-03-02 11:17:50.3700 AllServer 0001 (Session.cs:150) { "_t" : "Frame_ClickMap", "RpcId" : 0, "ActorId" : NumberLong(0), "_id" : NumberLong(0), "X" : 9.9010829925537109, "Y" : 0.010000000707805157, "Z" : -6.8490371704101562 }
2019-03-02 11:17:50.3700 AllServer 0001 (Session.cs:269) { "_t" : "Frame_ClickMap", "RpcId" : 11, "ActorId" : NumberLong("383153861951566"), "_id" : NumberLong(0), "X" : 9.9010829925537109, "Y" : 0.010000000707805157, "Z" : -6.8490371704101562 }
2019-03-02 11:17:50.3700 AllServer 0001 (Session.cs:150) { "_t" : "Frame_ClickMap", "RpcId" : 11, "ActorId" : NumberLong("383153861951566"), "_id" : NumberLong(0), "X" : 9.9010829925537109, "Y" : 0.010000000707805157, "Z" : -6.8490371704101562 }
2019-03-02 11:17:50.3700 AllServer 0001 (Session.cs:269) { "_t" : "ActorResponse", "RpcId" : 11, "Error" : 0, "Message" : null }
2019-03-02 11:17:50.3700 AllServer 0001 (Session.cs:150) { "_t" : "ActorResponse", "RpcId" : 11, "Error" : 0, "Message" : null }
2019-03-02 11:17:50.3752 AllServer 0001 (UnitPathComponentSystem.cs:45) find result: (1.010431, 0, 1.817234),(1.2, 0, 1.8),(1.6, 0, 1.2),(3.2, 0, -2.4),(3.8, 0, -3),(7.400001, 0, -4.2),(8, 0, -4.8),(9.200001, 0, -6.849037),
2019-03-02 11:17:50.3752 AllServer 0001 (Session.cs:269) { "_t" : "M2C_PathfindingResult", "ActorId" : NumberLong("383153861820489"), "_id" : NumberLong("383153861951565"), "X" : 1.2000000476837158, "Y" : 0.0, "Z" : 1.8000000715255737, "Xs" : [1.2000000476837158, 1.6000000238418579, 3.2000000476837158], "Ys" : [0.0, 0.0, 0.0], "Zs" : [1.8000000715255737, 1.2000000476837158, -2.4000000953674316] }
2019-03-02 11:17:50.3752 AllServer 0001 (Session.cs:150) { "_t" : "M2C_PathfindingResult", "ActorId" : NumberLong("383153861820489"), "_id" : NumberLong("383153861951565"), "X" : 1.2000000476837158, "Y" : 0.0, "Z" : 1.8000000715255737, "Xs" : [1.2000000476837158, 1.6000000238418579, 3.2000000476837158], "Ys" : [0.0, 0.0, 0.0], "Zs" : [1.8000000715255737, 1.2000000476837158, -2.4000000953674316] }
2019-03-02 11:17:50.3752 AllServer 0001 (Session.cs:269) { "_t" : "M2C_PathfindingResult", "ActorId" : NumberLong(0), "_id" : NumberLong("383153861951565"), "X" : 1.2000000476837158, "Y" : 0.0, "Z" : 1.8000000715255737, "Xs" : [1.2000000476837158, 1.6000000238418579, 3.2000000476837158], "Ys" : [0.0, 0.0, 0.0], "Zs" : [1.8000000715255737, 1.2000000476837158, -2.4000000953674316] }
2019-03-02 11:17:50.3752 AllServer 0001 (Session.cs:150) { "_t" : "C2M_TestActorRequest", "RpcId" : 7, "ActorId" : NumberLong(0), "Info" : "actor rpc request" }
2019-03-02 11:17:50.3752 AllServer 0001 (Session.cs:269) { "_t" : "C2M_TestActorRequest", "RpcId" : 12, "ActorId" : NumberLong("383153861951566"), "Info" : "actor rpc request" }
2019-03-02 11:17:50.3752 AllServer 0001 (Session.cs:150) { "_t" : "C2M_TestActorRequest", "RpcId" : 12, "ActorId" : NumberLong("383153861951566"), "Info" : "actor rpc request" }
2019-03-02 11:17:50.3752 AllServer 0001 (Session.cs:269) { "_t" : "M2C_TestActorResponse", "RpcId" : 12, "Error" : 0, "Message" : "", "Info" : "actor rpc response" }
2019-03-02 11:17:50.3752 AllServer 0001 (Session.cs:150) { "_t" : "M2C_TestActorResponse", "RpcId" : 12, "Error" : 0, "Message" : "", "Info" : "actor rpc response" }
2019-03-02 11:17:50.3752 AllServer 0001 (Session.cs:269) { "_t" : "M2C_TestActorResponse", "RpcId" : 7, "Error" : 0, "Message" : "", "Info" : "actor rpc response" }
2019-03-02 11:17:51.3345 AllServer 0001 (Session.cs:269) { "_t" : "M2C_PathfindingResult", "ActorId" : NumberLong("383153861820489"), "_id" : NumberLong("383153861951565"), "X" : 3.2000000476837158, "Y" : 0.0, "Z" : -2.4000000953674316, "Xs" : [3.8000001907348633, 7.4000005722045898, 8.0], "Ys" : [0.0, 0.0, 0.0], "Zs" : [-3.0000002384185791, -4.2000002861022949, -4.8000001907348633] }
2019-03-02 11:17:51.3345 AllServer 0001 (Session.cs:150) { "_t" : "M2C_PathfindingResult", "ActorId" : NumberLong("383153861820489"), "_id" : NumberLong("383153861951565"), "X" : 3.2000000476837158, "Y" : 0.0, "Z" : -2.4000000953674316, "Xs" : [3.8000001907348633, 7.4000005722045898, 8.0], "Ys" : [0.0, 0.0, 0.0], "Zs" : [-3.0000002384185791, -4.2000002861022949, -4.8000001907348633] }
2019-03-02 11:17:51.3345 AllServer 0001 (Session.cs:269) { "_t" : "M2C_PathfindingResult", "ActorId" : NumberLong(0), "_id" : NumberLong("383153861951565"), "X" : 3.2000000476837158, "Y" : 0.0, "Z" : -2.4000000953674316, "Xs" : [3.8000001907348633, 7.4000005722045898, 8.0], "Ys" : [0.0, 0.0, 0.0], "Zs" : [-3.0000002384185791, -4.2000002861022949, -4.8000001907348633] }
2019-03-02 11:17:52.5418 AllServer 0001 (Session.cs:269) { "_t" : "M2C_PathfindingResult", "ActorId" : NumberLong("383153861820489"), "_id" : NumberLong("383153861951565"), "X" : 8.0, "Y" : 0.0, "Z" : -4.8000001907348633, "Xs" : [9.2000007629394531], "Ys" : [0.0], "Zs" : [-6.8490371704101562] }
2019-03-02 11:17:52.5418 AllServer 0001 (Session.cs:150) { "_t" : "M2C_PathfindingResult", "ActorId" : NumberLong("383153861820489"), "_id" : NumberLong("383153861951565"), "X" : 8.0, "Y" : 0.0, "Z" : -4.8000001907348633, "Xs" : [9.2000007629394531], "Ys" : [0.0], "Zs" : [-6.8490371704101562] }
2019-03-02 11:17:52.5418 AllServer 0001 (Session.cs:269) { "_t" : "M2C_PathfindingResult", "ActorId" : NumberLong(0), "_id" : NumberLong("383153861951565"), "X" : 8.0, "Y" : 0.0, "Z" : -4.8000001907348633, "Xs" : [9.2000007629394531], "Ys" : [0.0], "Zs" : [-6.8490371704101562] }
2019-03-02 11:17:53.4499 AllServer 0001 (Session.cs:150) { "_t" : "Frame_ClickMap", "RpcId" : 0, "ActorId" : NumberLong(0), "_id" : NumberLong(0), "X" : 17.499074935913086, "Y" : 0.010000000707805157, "Z" : -10.43028450012207 }
2019-03-02 11:17:53.4499 AllServer 0001 (Session.cs:269) { "_t" : "Frame_ClickMap", "RpcId" : 13, "ActorId" : NumberLong("383153861951566"), "_id" : NumberLong(0), "X" : 17.499074935913086, "Y" : 0.010000000707805157, "Z" : -10.43028450012207 }
2019-03-02 11:17:53.4499 AllServer 0001 (Session.cs:150) { "_t" : "Frame_ClickMap", "RpcId" : 13, "ActorId" : NumberLong("383153861951566"), "_id" : NumberLong(0), "X" : 17.499074935913086, "Y" : 0.010000000707805157, "Z" : -10.43028450012207 }
2019-03-02 11:17:53.4533 AllServer 0001 (Session.cs:269) { "_t" : "ActorResponse", "RpcId" : 13, "Error" : 0, "Message" : null }
2019-03-02 11:17:53.4533 AllServer 0001 (Session.cs:150) { "_t" : "ActorResponse", "RpcId" : 13, "Error" : 0, "Message" : null }
2019-03-02 11:17:53.4533 AllServer 0001 (UnitPathComponentSystem.cs:45) find result: (9.200001, 0, -6.849037),(9.200001, 0, -8.400001),(10.2, 0, -9),(17.49908, 0, -10.43028),
2019-03-02 11:17:53.4533 AllServer 0001 (Session.cs:269) { "_t" : "M2C_PathfindingResult", "ActorId" : NumberLong("383153861820489"), "_id" : NumberLong("383153861951565"), "X" : 9.2000007629394531, "Y" : 0.0, "Z" : -6.8490371704101562, "Xs" : [9.2000007629394531, 10.200000762939453, 17.499076843261719], "Ys" : [0.0, 0.0, 0.0], "Zs" : [-8.4000005722045898, -9.0, -10.43028450012207] }
2019-03-02 11:17:53.4533 AllServer 0001 (Session.cs:150) { "_t" : "M2C_PathfindingResult", "ActorId" : NumberLong("383153861820489"), "_id" : NumberLong("383153861951565"), "X" : 9.2000007629394531, "Y" : 0.0, "Z" : -6.8490371704101562, "Xs" : [9.2000007629394531, 10.200000762939453, 17.499076843261719], "Ys" : [0.0, 0.0, 0.0], "Zs" : [-8.4000005722045898, -9.0, -10.43028450012207] }
2019-03-02 11:17:53.4533 AllServer 0001 (Session.cs:269) { "_t" : "M2C_PathfindingResult", "ActorId" : NumberLong(0), "_id" : NumberLong("383153861951565"), "X" : 9.2000007629394531, "Y" : 0.0, "Z" : -6.8490371704101562, "Xs" : [9.2000007629394531, 10.200000762939453, 17.499076843261719], "Ys" : [0.0, 0.0, 0.0], "Zs" : [-8.4000005722045898, -9.0, -10.43028450012207] }
2019-03-02 11:17:53.4533 AllServer 0001 (Session.cs:150) { "_t" : "C2M_TestActorRequest", "RpcId" : 8, "ActorId" : NumberLong(0), "Info" : "actor rpc request" }
2019-03-02 11:17:53.4533 AllServer 0001 (Session.cs:269) { "_t" : "C2M_TestActorRequest", "RpcId" : 14, "ActorId" : NumberLong("383153861951566"), "Info" : "actor rpc request" }
2019-03-02 11:17:53.4533 AllServer 0001 (Session.cs:150) { "_t" : "C2M_TestActorRequest", "RpcId" : 14, "ActorId" : NumberLong("383153861951566"), "Info" : "actor rpc request" }
2019-03-02 11:17:53.4533 AllServer 0001 (Session.cs:269) { "_t" : "M2C_TestActorResponse", "RpcId" : 14, "Error" : 0, "Message" : "", "Info" : "actor rpc response" }
2019-03-02 11:17:53.4533 AllServer 0001 (Session.cs:150) { "_t" : "M2C_TestActorResponse", "RpcId" : 14, "Error" : 0, "Message" : "", "Info" : "actor rpc response" }
2019-03-02 11:17:53.4533 AllServer 0001 (Session.cs:269) { "_t" : "M2C_TestActorResponse", "RpcId" : 8, "Error" : 0, "Message" : "", "Info" : "actor rpc response" }
2019-03-02 11:17:55.8991 AllServer 0001 (Session.cs:150) { "_t" : "Frame_ClickMap", "RpcId" : 0, "ActorId" : NumberLong(0), "_id" : NumberLong(0), "X" : 2.9046781063079834, "Y" : 2.0, "Z" : -15.590177536010742 }
2019-03-02 11:17:55.8991 AllServer 0001 (Session.cs:269) { "_t" : "Frame_ClickMap", "RpcId" : 15, "ActorId" : NumberLong("383153861951566"), "_id" : NumberLong(0), "X" : 2.9046781063079834, "Y" : 2.0, "Z" : -15.590177536010742 }
2019-03-02 11:17:55.8991 AllServer 0001 (Session.cs:150) { "_t" : "Frame_ClickMap", "RpcId" : 15, "ActorId" : NumberLong("383153861951566"), "_id" : NumberLong(0), "X" : 2.9046781063079834, "Y" : 2.0, "Z" : -15.590177536010742 }
2019-03-02 11:17:55.8991 AllServer 0001 (Session.cs:269) { "_t" : "ActorResponse", "RpcId" : 15, "Error" : 0, "Message" : null }
2019-03-02 11:17:55.8991 AllServer 0001 (Session.cs:150) { "_t" : "ActorResponse", "RpcId" : 15, "Error" : 0, "Message" : null }
2019-03-02 11:17:55.8991 AllServer 0001 (UnitPathComponentSystem.cs:45) find result: (17.49908, 0, -10.43028),(17.8, 0.204, -13.4),(17.2, 0.244, -14),(17.2, 0.244, -14),(5, 2, -15.2),(3, 2, -15.59018),
2019-03-02 11:17:55.8991 AllServer 0001 (Session.cs:269) { "_t" : "M2C_PathfindingResult", "ActorId" : NumberLong("383153861820489"), "_id" : NumberLong("383153861951565"), "X" : 17.499076843261719, "Y" : 0.0, "Z" : -10.43028450012207, "Xs" : [17.80000114440918, 17.200000762939453, 17.200000762939453], "Ys" : [0.20400001108646393, 0.24400001764297485, 0.24400001764297485], "Zs" : [-13.40000057220459, -14.000000953674316, -14.000000953674316] }
2019-03-02 11:17:55.9060 AllServer 0001 (Session.cs:150) { "_t" : "M2C_PathfindingResult", "ActorId" : NumberLong("383153861820489"), "_id" : NumberLong("383153861951565"), "X" : 17.499076843261719, "Y" : 0.0, "Z" : -10.43028450012207, "Xs" : [17.80000114440918, 17.200000762939453, 17.200000762939453], "Ys" : [0.20400001108646393, 0.24400001764297485, 0.24400001764297485], "Zs" : [-13.40000057220459, -14.000000953674316, -14.000000953674316] }
2019-03-02 11:17:55.9060 AllServer 0001 (Session.cs:269) { "_t" : "M2C_PathfindingResult", "ActorId" : NumberLong(0), "_id" : NumberLong("383153861951565"), "X" : 17.499076843261719, "Y" : 0.0, "Z" : -10.43028450012207, "Xs" : [17.80000114440918, 17.200000762939453, 17.200000762939453], "Ys" : [0.20400001108646393, 0.24400001764297485, 0.24400001764297485], "Zs" : [-13.40000057220459, -14.000000953674316, -14.000000953674316] }
2019-03-02 11:17:55.9060 AllServer 0001 (Session.cs:150) { "_t" : "C2M_TestActorRequest", "RpcId" : 9, "ActorId" : NumberLong(0), "Info" : "actor rpc request" }
2019-03-02 11:17:55.9060 AllServer 0001 (Session.cs:269) { "_t" : "C2M_TestActorRequest", "RpcId" : 16, "ActorId" : NumberLong("383153861951566"), "Info" : "actor rpc request" }
2019-03-02 11:17:55.9060 AllServer 0001 (Session.cs:150) { "_t" : "C2M_TestActorRequest", "RpcId" : 16, "ActorId" : NumberLong("383153861951566"), "Info" : "actor rpc request" }
2019-03-02 11:17:55.9060 AllServer 0001 (Session.cs:269) { "_t" : "M2C_TestActorResponse", "RpcId" : 16, "Error" : 0, "Message" : "", "Info" : "actor rpc response" }
2019-03-02 11:17:55.9060 AllServer 0001 (Session.cs:150) { "_t" : "M2C_TestActorResponse", "RpcId" : 16, "Error" : 0, "Message" : "", "Info" : "actor rpc response" }
2019-03-02 11:17:55.9060 AllServer 0001 (Session.cs:269) { "_t" : "M2C_TestActorResponse", "RpcId" : 9, "Error" : 0, "Message" : "", "Info" : "actor rpc response" }
2019-03-02 11:17:56.7148 AllServer 0001 (Session.cs:269) { "_t" : "M2C_PathfindingResult", "ActorId" : NumberLong("383153861820489"), "_id" : NumberLong("383153861951565"), "X" : 17.200000762939453, "Y" : 0.24400001764297485, "Z" : -14.000000953674316, "Xs" : [5.0, 3.0000002384185791], "Ys" : [2.0, 2.0], "Zs" : [-15.200000762939453, -15.590177536010742] }
2019-03-02 11:17:56.7148 AllServer 0001 (Session.cs:150) { "_t" : "M2C_PathfindingResult", "ActorId" : NumberLong("383153861820489"), "_id" : NumberLong("383153861951565"), "X" : 17.200000762939453, "Y" : 0.24400001764297485, "Z" : -14.000000953674316, "Xs" : [5.0, 3.0000002384185791], "Ys" : [2.0, 2.0], "Zs" : [-15.200000762939453, -15.590177536010742] }
2019-03-02 11:17:56.7148 AllServer 0001 (Session.cs:269) { "_t" : "M2C_PathfindingResult", "ActorId" : NumberLong(0), "_id" : NumberLong("383153861951565"), "X" : 17.200000762939453, "Y" : 0.24400001764297485, "Z" : -14.000000953674316, "Xs" : [5.0, 3.0000002384185791], "Ys" : [2.0, 2.0], "Zs" : [-15.200000762939453, -15.590177536010742] }
2019-03-02 11:17:58.9615 AllServer 0001 (Session.cs:150) { "_t" : "Frame_ClickMap", "RpcId" : 0, "ActorId" : NumberLong(0), "_id" : NumberLong(0), "X" : 22.819416046142578, "Y" : 0.010000000707805157, "Z" : -24.363143920898438 }
2019-03-02 11:17:58.9615 AllServer 0001 (Session.cs:269) { "_t" : "Frame_ClickMap", "RpcId" : 17, "ActorId" : NumberLong("383153861951566"), "_id" : NumberLong(0), "X" : 22.819416046142578, "Y" : 0.010000000707805157, "Z" : -24.363143920898438 }
2019-03-02 11:17:58.9615 AllServer 0001 (Session.cs:150) { "_t" : "Frame_ClickMap", "RpcId" : 17, "ActorId" : NumberLong("383153861951566"), "_id" : NumberLong(0), "X" : 22.819416046142578, "Y" : 0.010000000707805157, "Z" : -24.363143920898438 }
2019-03-02 11:17:58.9615 AllServer 0001 (Session.cs:269) { "_t" : "ActorResponse", "RpcId" : 17, "Error" : 0, "Message" : null }
2019-03-02 11:17:58.9615 AllServer 0001 (Session.cs:150) { "_t" : "ActorResponse", "RpcId" : 17, "Error" : 0, "Message" : null }
2019-03-02 11:17:58.9615 AllServer 0001 (UnitPathComponentSystem.cs:45) find result: (6.309111, 1.837931, -15.07334),(17.2, 0.244, -15.2),(26.8, 0, -19.6),(26.8, 0, -23.6),(22.81942, 0, -24.36314),
2019-03-02 11:17:58.9615 AllServer 0001 (Session.cs:269) { "_t" : "M2C_PathfindingResult", "ActorId" : NumberLong("383153861820489"), "_id" : NumberLong("383153861951565"), "X" : 6.1234245300292969, "Y" : 1.8383004665374756, "Z" : -15.089500427246094, "Xs" : [17.200000762939453, 26.80000114440918, 26.80000114440918], "Ys" : [0.24400001764297485, 0.0, 0.0], "Zs" : [-15.200000762939453, -19.600000381469727, -23.600000381469727] }
2019-03-02 11:17:58.9615 AllServer 0001 (Session.cs:150) { "_t" : "M2C_PathfindingResult", "ActorId" : NumberLong("383153861820489"), "_id" : NumberLong("383153861951565"), "X" : 6.1234245300292969, "Y" : 1.8383004665374756, "Z" : -15.089500427246094, "Xs" : [17.200000762939453, 26.80000114440918, 26.80000114440918], "Ys" : [0.24400001764297485, 0.0, 0.0], "Zs" : [-15.200000762939453, -19.600000381469727, -23.600000381469727] }
2019-03-02 11:17:58.9615 AllServer 0001 (Session.cs:269) { "_t" : "M2C_PathfindingResult", "ActorId" : NumberLong(0), "_id" : NumberLong("383153861951565"), "X" : 6.1234245300292969, "Y" : 1.8383004665374756, "Z" : -15.089500427246094, "Xs" : [17.200000762939453, 26.80000114440918, 26.80000114440918], "Ys" : [0.24400001764297485, 0.0, 0.0], "Zs" : [-15.200000762939453, -19.600000381469727, -23.600000381469727] }
2019-03-02 11:17:58.9690 AllServer 0001 (Session.cs:150) { "_t" : "C2M_TestActorRequest", "RpcId" : 10, "ActorId" : NumberLong(0), "Info" : "actor rpc request" }
2019-03-02 11:17:58.9690 AllServer 0001 (Session.cs:269) { "_t" : "C2M_TestActorRequest", "RpcId" : 18, "ActorId" : NumberLong("383153861951566"), "Info" : "actor rpc request" }
2019-03-02 11:17:58.9690 AllServer 0001 (Session.cs:150) { "_t" : "C2M_TestActorRequest", "RpcId" : 18, "ActorId" : NumberLong("383153861951566"), "Info" : "actor rpc request" }
2019-03-02 11:17:58.9690 AllServer 0001 (Session.cs:269) { "_t" : "M2C_TestActorResponse", "RpcId" : 18, "Error" : 0, "Message" : "", "Info" : "actor rpc response" }
2019-03-02 11:17:58.9690 AllServer 0001 (Session.cs:150) { "_t" : "M2C_TestActorResponse", "RpcId" : 18, "Error" : 0, "Message" : "", "Info" : "actor rpc response" }
2019-03-02 11:17:58.9690 AllServer 0001 (Session.cs:269) { "_t" : "M2C_TestActorResponse", "RpcId" : 10, "Error" : 0, "Message" : "", "Info" : "actor rpc response" }
2019-03-02 11:18:04.1443 AllServer 0001 (Session.cs:269) { "_t" : "M2C_PathfindingResult", "ActorId" : NumberLong("383153861820489"), "_id" : NumberLong("383153861951565"), "X" : 26.80000114440918, "Y" : 0.0, "Z" : -23.600000381469727, "Xs" : [22.819416046142578], "Ys" : [0.0], "Zs" : [-24.363143920898438] }
2019-03-02 11:18:04.1443 AllServer 0001 (Session.cs:150) { "_t" : "M2C_PathfindingResult", "ActorId" : NumberLong("383153861820489"), "_id" : NumberLong("383153861951565"), "X" : 26.80000114440918, "Y" : 0.0, "Z" : -23.600000381469727, "Xs" : [22.819416046142578], "Ys" : [0.0], "Zs" : [-24.363143920898438] }
2019-03-02 11:18:04.1443 AllServer 0001 (Session.cs:269) { "_t" : "M2C_PathfindingResult", "ActorId" : NumberLong(0), "_id" : NumberLong("383153861951565"), "X" : 26.80000114440918, "Y" : 0.0, "Z" : -23.600000381469727, "Xs" : [22.819416046142578], "Ys" : [0.0], "Zs" : [-24.363143920898438] }
2019-03-02 11:18:07.7282 AllServer 0001 (Session.cs:150) { "_t" : "Frame_ClickMap", "RpcId" : 0, "ActorId" : NumberLong(0), "_id" : NumberLong(0), "X" : -9.115321159362793, "Y" : 2.0, "Z" : -19.602863311767578 }
2019-03-02 11:18:07.7282 AllServer 0001 (Session.cs:269) { "_t" : "Frame_ClickMap", "RpcId" : 19, "ActorId" : NumberLong("383153861951566"), "_id" : NumberLong(0), "X" : -9.115321159362793, "Y" : 2.0, "Z" : -19.602863311767578 }
2019-03-02 11:18:07.7282 AllServer 0001 (Session.cs:150) { "_t" : "Frame_ClickMap", "RpcId" : 19, "ActorId" : NumberLong("383153861951566"), "_id" : NumberLong(0), "X" : -9.115321159362793, "Y" : 2.0, "Z" : -19.602863311767578 }
2019-03-02 11:18:07.7282 AllServer 0001 (Session.cs:269) { "_t" : "ActorResponse", "RpcId" : 19, "Error" : 0, "Message" : null }
2019-03-02 11:18:07.7282 AllServer 0001 (Session.cs:150) { "_t" : "ActorResponse", "RpcId" : 19, "Error" : 0, "Message" : null }
2019-03-02 11:18:07.7282 AllServer 0001 (UnitPathComponentSystem.cs:45) find result: (22.81942, 0, -24.36314),(26.8, 0, -23.6),(26.8, 0, -19.8),(26.8, 0, -19.6),(17.2, 0.244, -15.2),(15.6, 0.74, -15.2),(9.6, 1.4, -15.2),(5, 2, -15.2),(5, 2, -15.2),(4.2, 2, -16),(3, 2, -18.2),(2.2, 2.011, -19),(-9.115325, 2.00247, -19.60288),
2019-03-02 11:18:07.7282 AllServer 0001 (Session.cs:269) { "_t" : "M2C_PathfindingResult", "ActorId" : NumberLong("383153861820489"), "_id" : NumberLong("383153861951565"), "X" : 22.819416046142578, "Y" : 0.0, "Z" : -24.363143920898438, "Xs" : [26.80000114440918, 26.80000114440918, 26.80000114440918], "Ys" : [0.0, 0.0, 0.0], "Zs" : [-23.600000381469727, -19.80000114440918, -19.600000381469727] }
2019-03-02 11:18:07.7282 AllServer 0001 (Session.cs:150) { "_t" : "M2C_PathfindingResult", "ActorId" : NumberLong("383153861820489"), "_id" : NumberLong("383153861951565"), "X" : 22.819416046142578, "Y" : 0.0, "Z" : -24.363143920898438, "Xs" : [26.80000114440918, 26.80000114440918, 26.80000114440918], "Ys" : [0.0, 0.0, 0.0], "Zs" : [-23.600000381469727, -19.80000114440918, -19.600000381469727] }
2019-03-02 11:18:07.7349 AllServer 0001 (Session.cs:269) { "_t" : "M2C_PathfindingResult", "ActorId" : NumberLong(0), "_id" : NumberLong("383153861951565"), "X" : 22.819416046142578, "Y" : 0.0, "Z" : -24.363143920898438, "Xs" : [26.80000114440918, 26.80000114440918, 26.80000114440918], "Ys" : [0.0, 0.0, 0.0], "Zs" : [-23.600000381469727, -19.80000114440918, -19.600000381469727] }
2019-03-02 11:18:07.7349 AllServer 0001 (Session.cs:150) { "_t" : "C2M_TestActorRequest", "RpcId" : 11, "ActorId" : NumberLong(0), "Info" : "actor rpc request" }
2019-03-02 11:18:07.7349 AllServer 0001 (Session.cs:269) { "_t" : "C2M_TestActorRequest", "RpcId" : 20, "ActorId" : NumberLong("383153861951566"), "Info" : "actor rpc request" }
2019-03-02 11:18:07.7349 AllServer 0001 (Session.cs:150) { "_t" : "C2M_TestActorRequest", "RpcId" : 20, "ActorId" : NumberLong("383153861951566"), "Info" : "actor rpc request" }
2019-03-02 11:18:07.7349 AllServer 0001 (Session.cs:269) { "_t" : "M2C_TestActorResponse", "RpcId" : 20, "Error" : 0, "Message" : "", "Info" : "actor rpc response" }
2019-03-02 11:18:07.7349 AllServer 0001 (Session.cs:150) { "_t" : "M2C_TestActorResponse", "RpcId" : 20, "Error" : 0, "Message" : "", "Info" : "actor rpc response" }
2019-03-02 11:18:07.7349 AllServer 0001 (Session.cs:269) { "_t" : "M2C_TestActorResponse", "RpcId" : 11, "Error" : 0, "Message" : "", "Info" : "actor rpc response" }
2019-03-02 11:18:09.4474 AllServer 0001 (Session.cs:269) { "_t" : "M2C_PathfindingResult", "ActorId" : NumberLong("383153861820489"), "_id" : NumberLong("383153861951565"), "X" : 26.80000114440918, "Y" : 0.0, "Z" : -19.600000381469727, "Xs" : [17.200000762939453, 15.600000381469727, 9.6000003814697266], "Ys" : [0.24400001764297485, 0.74000000953674316, 1.4000000953674316], "Zs" : [-15.200000762939453, -15.200000762939453, -15.200000762939453] }
2019-03-02 11:18:09.4474 AllServer 0001 (Session.cs:150) { "_t" : "M2C_PathfindingResult", "ActorId" : NumberLong("383153861820489"), "_id" : NumberLong("383153861951565"), "X" : 26.80000114440918, "Y" : 0.0, "Z" : -19.600000381469727, "Xs" : [17.200000762939453, 15.600000381469727, 9.6000003814697266], "Ys" : [0.24400001764297485, 0.74000000953674316, 1.4000000953674316], "Zs" : [-15.200000762939453, -15.200000762939453, -15.200000762939453] }
2019-03-02 11:18:09.4474 AllServer 0001 (Session.cs:269) { "_t" : "M2C_PathfindingResult", "ActorId" : NumberLong(0), "_id" : NumberLong("383153861951565"), "X" : 26.80000114440918, "Y" : 0.0, "Z" : -19.600000381469727, "Xs" : [17.200000762939453, 15.600000381469727, 9.6000003814697266], "Ys" : [0.24400001764297485, 0.74000000953674316, 1.4000000953674316], "Zs" : [-15.200000762939453, -15.200000762939453, -15.200000762939453] }
2019-03-02 11:18:10.8265 AllServer 0001 (Session.cs:150) { "_t" : "Frame_ClickMap", "RpcId" : 0, "ActorId" : NumberLong(0), "_id" : NumberLong(0), "X" : -10.385706901550293, "Y" : 0.010000000707805157, "Z" : -24.941070556640625 }
2019-03-02 11:18:10.8265 AllServer 0001 (Session.cs:269) { "_t" : "Frame_ClickMap", "RpcId" : 21, "ActorId" : NumberLong("383153861951566"), "_id" : NumberLong(0), "X" : -10.385706901550293, "Y" : 0.010000000707805157, "Z" : -24.941070556640625 }
2019-03-02 11:18:10.8279 AllServer 0001 (Session.cs:150) { "_t" : "Frame_ClickMap", "RpcId" : 21, "ActorId" : NumberLong("383153861951566"), "_id" : NumberLong(0), "X" : -10.385706901550293, "Y" : 0.010000000707805157, "Z" : -24.941070556640625 }
2019-03-02 11:18:10.8279 AllServer 0001 (Session.cs:269) { "_t" : "ActorResponse", "RpcId" : 21, "Error" : 0, "Message" : null }
2019-03-02 11:18:10.8279 AllServer 0001 (Session.cs:150) { "_t" : "ActorResponse", "RpcId" : 21, "Error" : 0, "Message" : null }
2019-03-02 11:18:10.8279 AllServer 0001 (UnitPathComponentSystem.cs:45) find result: (20.62234, 0.1400269, -16.76875),(17.2, 0, -12.2),(10.2, 0, -9.200001),(6.4, 0, -9.200001),(1.2, 0, -9.200001),(-1.4, 0, -9.200001),(-8.400001, 0, -9.200001),(-19.4, 0, -18.2),(-20, 0, -19.6),(-19.4, 0, -21),(-10.67146, 0, -24.90025),
2019-03-02 11:18:10.8279 AllServer 0001 (Session.cs:269) { "_t" : "M2C_PathfindingResult", "ActorId" : NumberLong("383153861820489"), "_id" : NumberLong("383153861951565"), "X" : 20.518182754516602, "Y" : 0.1596628874540329, "Z" : -16.720834732055664, "Xs" : [17.200000762939453, 10.200000762939453, 6.4000000953674316], "Ys" : [0.0, 0.0, 0.0], "Zs" : [-12.200000762939453, -9.2000007629394531, -9.2000007629394531] }
2019-03-02 11:18:10.8279 AllServer 0001 (Session.cs:150) { "_t" : "M2C_PathfindingResult", "ActorId" : NumberLong("383153861820489"), "_id" : NumberLong("383153861951565"), "X" : 20.518182754516602, "Y" : 0.1596628874540329, "Z" : -16.720834732055664, "Xs" : [17.200000762939453, 10.200000762939453, 6.4000000953674316], "Ys" : [0.0, 0.0, 0.0], "Zs" : [-12.200000762939453, -9.2000007629394531, -9.2000007629394531] }
2019-03-02 11:18:10.8279 AllServer 0001 (Session.cs:269) { "_t" : "M2C_PathfindingResult", "ActorId" : NumberLong(0), "_id" : NumberLong("383153861951565"), "X" : 20.518182754516602, "Y" : 0.1596628874540329, "Z" : -16.720834732055664, "Xs" : [17.200000762939453, 10.200000762939453, 6.4000000953674316], "Ys" : [0.0, 0.0, 0.0], "Zs" : [-12.200000762939453, -9.2000007629394531, -9.2000007629394531] }
2019-03-02 11:18:10.8279 AllServer 0001 (Session.cs:150) { "_t" : "C2M_TestActorRequest", "RpcId" : 12, "ActorId" : NumberLong(0), "Info" : "actor rpc request" }
2019-03-02 11:18:10.8279 AllServer 0001 (Session.cs:269) { "_t" : "C2M_TestActorRequest", "RpcId" : 22, "ActorId" : NumberLong("383153861951566"), "Info" : "actor rpc request" }
2019-03-02 11:18:10.8279 AllServer 0001 (Session.cs:150) { "_t" : "C2M_TestActorRequest", "RpcId" : 22, "ActorId" : NumberLong("383153861951566"), "Info" : "actor rpc request" }
2019-03-02 11:18:10.8279 AllServer 0001 (Session.cs:269) { "_t" : "M2C_TestActorResponse", "RpcId" : 22, "Error" : 0, "Message" : "", "Info" : "actor rpc response" }
2019-03-02 11:18:10.8279 AllServer 0001 (Session.cs:150) { "_t" : "M2C_TestActorResponse", "RpcId" : 22, "Error" : 0, "Message" : "", "Info" : "actor rpc response" }
2019-03-02 11:18:10.8279 AllServer 0001 (Session.cs:269) { "_t" : "M2C_TestActorResponse", "RpcId" : 12, "Error" : 0, "Message" : "", "Info" : "actor rpc response" }
2019-03-02 11:18:11.2783 AllServer 0001 (Session.cs:150) { "_t" : "Frame_ClickMap", "RpcId" : 0, "ActorId" : NumberLong(0), "_id" : NumberLong(0), "X" : -8.0106410980224609, "Y" : 2.0, "Z" : -26.18370246887207 }
2019-03-02 11:18:11.2783 AllServer 0001 (Session.cs:269) { "_t" : "Frame_ClickMap", "RpcId" : 23, "ActorId" : NumberLong("383153861951566"), "_id" : NumberLong(0), "X" : -8.0106410980224609, "Y" : 2.0, "Z" : -26.18370246887207 }
2019-03-02 11:18:11.2783 AllServer 0001 (Session.cs:150) { "_t" : "Frame_ClickMap", "RpcId" : 23, "ActorId" : NumberLong("383153861951566"), "_id" : NumberLong(0), "X" : -8.0106410980224609, "Y" : 2.0, "Z" : -26.18370246887207 }
2019-03-02 11:18:11.2783 AllServer 0001 (Session.cs:269) { "_t" : "ActorResponse", "RpcId" : 23, "Error" : 0, "Message" : null }
2019-03-02 11:18:11.2820 AllServer 0001 (Session.cs:150) { "_t" : "ActorResponse", "RpcId" : 23, "Error" : 0, "Message" : null }
2019-03-02 11:18:11.2820 AllServer 0001 (UnitPathComponentSystem.cs:45) find result: (19.32493, 0.1694351, -15.09301),(5, 2, -15.2),(5, 2, -15.2),(4.2, 2, -16),(3, 2, -18.2),(2.2, 2.011, -19),(-7.400001, 2, -20),(-8.200001, 2, -20.8),(-8.200001, 2, -26),
2019-03-02 11:18:11.2820 AllServer 0001 (Session.cs:269) { "_t" : "M2C_PathfindingResult", "ActorId" : NumberLong("383153861820489"), "_id" : NumberLong("383153861951565"), "X" : 19.187360763549805, "Y" : 0.095626972615718842, "Z" : -14.907666206359863, "Xs" : [5.0, 5.0, 4.2000002861022949], "Ys" : [2.0, 2.0, 2.0], "Zs" : [-15.200000762939453, -15.200000762939453, -16.0] }
2019-03-02 11:18:11.2820 AllServer 0001 (Session.cs:150) { "_t" : "M2C_PathfindingResult", "ActorId" : NumberLong("383153861820489"), "_id" : NumberLong("383153861951565"), "X" : 19.187360763549805, "Y" : 0.095626972615718842, "Z" : -14.907666206359863, "Xs" : [5.0, 5.0, 4.2000002861022949], "Ys" : [2.0, 2.0, 2.0], "Zs" : [-15.200000762939453, -15.200000762939453, -16.0] }
2019-03-02 11:18:11.2820 AllServer 0001 (Session.cs:269) { "_t" : "M2C_PathfindingResult", "ActorId" : NumberLong(0), "_id" : NumberLong("383153861951565"), "X" : 19.187360763549805, "Y" : 0.095626972615718842, "Z" : -14.907666206359863, "Xs" : [5.0, 5.0, 4.2000002861022949], "Ys" : [2.0, 2.0, 2.0], "Zs" : [-15.200000762939453, -15.200000762939453, -16.0] }
2019-03-02 11:18:11.2820 AllServer 0001 (Session.cs:150) { "_t" : "C2M_TestActorRequest", "RpcId" : 13, "ActorId" : NumberLong(0), "Info" : "actor rpc request" }
2019-03-02 11:18:11.2820 AllServer 0001 (Session.cs:269) { "_t" : "C2M_TestActorRequest", "RpcId" : 24, "ActorId" : NumberLong("383153861951566"), "Info" : "actor rpc request" }
2019-03-02 11:18:11.2820 AllServer 0001 (Session.cs:150) { "_t" : "C2M_TestActorRequest", "RpcId" : 24, "ActorId" : NumberLong("383153861951566"), "Info" : "actor rpc request" }
2019-03-02 11:18:11.2820 AllServer 0001 (Session.cs:269) { "_t" : "M2C_TestActorResponse", "RpcId" : 24, "Error" : 0, "Message" : "", "Info" : "actor rpc response" }
2019-03-02 11:18:11.2820 AllServer 0001 (Session.cs:150) { "_t" : "M2C_TestActorResponse", "RpcId" : 24, "Error" : 0, "Message" : "", "Info" : "actor rpc response" }
2019-03-02 11:18:11.2820 AllServer 0001 (Session.cs:269) { "_t" : "M2C_TestActorResponse", "RpcId" : 13, "Error" : 0, "Message" : "", "Info" : "actor rpc response" }
2019-03-02 11:18:12.0069 AllServer 0001 (Session.cs:150) { "_t" : "Frame_ClickMap", "RpcId" : 0, "ActorId" : NumberLong(0), "_id" : NumberLong(0), "X" : -8.4872903823852539, "Y" : 2.0, "Z" : -26.18370246887207 }
2019-03-02 11:18:12.0069 AllServer 0001 (Session.cs:269) { "_t" : "Frame_ClickMap", "RpcId" : 25, "ActorId" : NumberLong("383153861951566"), "_id" : NumberLong(0), "X" : -8.4872903823852539, "Y" : 2.0, "Z" : -26.18370246887207 }
2019-03-02 11:18:12.0069 AllServer 0001 (Session.cs:150) { "_t" : "Frame_ClickMap", "RpcId" : 25, "ActorId" : NumberLong("383153861951566"), "_id" : NumberLong(0), "X" : -8.4872903823852539, "Y" : 2.0, "Z" : -26.18370246887207 }
2019-03-02 11:18:12.0069 AllServer 0001 (Session.cs:269) { "_t" : "ActorResponse", "RpcId" : 25, "Error" : 0, "Message" : null }
2019-03-02 11:18:12.0069 AllServer 0001 (Session.cs:150) { "_t" : "ActorResponse", "RpcId" : 25, "Error" : 0, "Message" : null }
2019-03-02 11:18:12.0069 AllServer 0001 (UnitPathComponentSystem.cs:45) find result: (15.67397, 0.7170708, -14.98098),(5, 2, -15.2),(4.2, 2, -16),(3, 2, -18.2),(2.2, 2.011, -19),(-7.400001, 2, -20),(-7.400001, 2, -20),(-8.200001, 2, -20.8),(-8.48729, 2, -26),
2019-03-02 11:18:12.0069 AllServer 0001 (Session.cs:269) { "_t" : "M2C_PathfindingResult", "ActorId" : NumberLong("383153861820489"), "_id" : NumberLong("383153861951565"), "X" : 15.594682693481445, "Y" : 0.57787299156188965, "Z" : -14.981694221496582, "Xs" : [5.0, 4.2000002861022949, 3.0000002384185791], "Ys" : [2.0, 2.0, 2.0], "Zs" : [-15.200000762939453, -16.0, -18.200000762939453] }
2019-03-02 11:18:12.0069 AllServer 0001 (Session.cs:150) { "_t" : "M2C_PathfindingResult", "ActorId" : NumberLong("383153861820489"), "_id" : NumberLong("383153861951565"), "X" : 15.594682693481445, "Y" : 0.57787299156188965, "Z" : -14.981694221496582, "Xs" : [5.0, 4.2000002861022949, 3.0000002384185791], "Ys" : [2.0, 2.0, 2.0], "Zs" : [-15.200000762939453, -16.0, -18.200000762939453] }
2019-03-02 11:18:12.0150 AllServer 0001 (Session.cs:269) { "_t" : "M2C_PathfindingResult", "ActorId" : NumberLong(0), "_id" : NumberLong("383153861951565"), "X" : 15.594682693481445, "Y" : 0.57787299156188965, "Z" : -14.981694221496582, "Xs" : [5.0, 4.2000002861022949, 3.0000002384185791], "Ys" : [2.0, 2.0, 2.0], "Zs" : [-15.200000762939453, -16.0, -18.200000762939453] }
2019-03-02 11:18:12.0150 AllServer 0001 (Session.cs:150) { "_t" : "C2M_TestActorRequest", "RpcId" : 14, "ActorId" : NumberLong(0), "Info" : "actor rpc request" }
2019-03-02 11:18:12.0150 AllServer 0001 (Session.cs:269) { "_t" : "C2M_TestActorRequest", "RpcId" : 26, "ActorId" : NumberLong("383153861951566"), "Info" : "actor rpc request" }
2019-03-02 11:18:12.0150 AllServer 0001 (Session.cs:150) { "_t" : "C2M_TestActorRequest", "RpcId" : 26, "ActorId" : NumberLong("383153861951566"), "Info" : "actor rpc request" }
2019-03-02 11:18:12.0150 AllServer 0001 (Session.cs:269) { "_t" : "M2C_TestActorResponse", "RpcId" : 26, "Error" : 0, "Message" : "", "Info" : "actor rpc response" }
2019-03-02 11:18:12.0150 AllServer 0001 (Session.cs:150) { "_t" : "M2C_TestActorResponse", "RpcId" : 26, "Error" : 0, "Message" : "", "Info" : "actor rpc response" }
2019-03-02 11:18:12.0150 AllServer 0001 (Session.cs:269) { "_t" : "M2C_TestActorResponse", "RpcId" : 14, "Error" : 0, "Message" : "", "Info" : "actor rpc response" }
2019-03-02 11:18:14.8292 AllServer 0001 (Session.cs:269) { "_t" : "M2C_PathfindingResult", "ActorId" : NumberLong("383153861820489"), "_id" : NumberLong("383153861951565"), "X" : 3.0000002384185791, "Y" : 2.0, "Z" : -18.200000762939453, "Xs" : [2.2000000476837158, -7.4000005722045898, -7.4000005722045898], "Ys" : [2.0110001564025879, 2.0, 2.0], "Zs" : [-19.0, -20.0, -20.0] }
2019-03-02 11:18:14.8292 AllServer 0001 (Session.cs:150) { "_t" : "M2C_PathfindingResult", "ActorId" : NumberLong("383153861820489"), "_id" : NumberLong("383153861951565"), "X" : 3.0000002384185791, "Y" : 2.0, "Z" : -18.200000762939453, "Xs" : [2.2000000476837158, -7.4000005722045898, -7.4000005722045898], "Ys" : [2.0110001564025879, 2.0, 2.0], "Zs" : [-19.0, -20.0, -20.0] }
2019-03-02 11:18:14.8292 AllServer 0001 (Session.cs:269) { "_t" : "M2C_PathfindingResult", "ActorId" : NumberLong(0), "_id" : NumberLong("383153861951565"), "X" : 3.0000002384185791, "Y" : 2.0, "Z" : -18.200000762939453, "Xs" : [2.2000000476837158, -7.4000005722045898, -7.4000005722045898], "Ys" : [2.0110001564025879, 2.0, 2.0], "Zs" : [-19.0, -20.0, -20.0] }
2019-03-02 11:18:17.0502 AllServer 0001 (Session.cs:269) { "_t" : "M2C_PathfindingResult", "ActorId" : NumberLong("383153861820489"), "_id" : NumberLong("383153861951565"), "X" : -7.4000005722045898, "Y" : 2.0, "Z" : -20.0, "Xs" : [-8.2000007629394531, -8.4872903823852539], "Ys" : [2.0, 2.0], "Zs" : [-20.80000114440918, -26.000001907348633] }
2019-03-02 11:18:17.0502 AllServer 0001 (Session.cs:150) { "_t" : "M2C_PathfindingResult", "ActorId" : NumberLong("383153861820489"), "_id" : NumberLong("383153861951565"), "X" : -7.4000005722045898, "Y" : 2.0, "Z" : -20.0, "Xs" : [-8.2000007629394531, -8.4872903823852539], "Ys" : [2.0, 2.0], "Zs" : [-20.80000114440918, -26.000001907348633] }
2019-03-02 11:18:17.0502 AllServer 0001 (Session.cs:269) { "_t" : "M2C_PathfindingResult", "ActorId" : NumberLong(0), "_id" : NumberLong("383153861951565"), "X" : -7.4000005722045898, "Y" : 2.0, "Z" : -20.0, "Xs" : [-8.2000007629394531, -8.4872903823852539], "Ys" : [2.0, 2.0], "Zs" : [-20.80000114440918, -26.000001907348633] }
2019-03-02 16:06:10.2494 AllServer 0001 (Session.cs:269) { "_t" : "ObjectGetRequest", "RpcId" : 27, "Key" : NumberLong("383153861951565") }
2019-03-02 16:06:10.2521 AllServer 0001 (Session.cs:150) { "_t" : "ObjectGetRequest", "RpcId" : 27, "Key" : NumberLong("383153861951565") }
2019-03-02 16:06:10.2521 AllServer 0001 (Session.cs:269) { "_t" : "ObjectGetResponse", "RpcId" : 27, "Error" : 0, "Message" : null, "InstanceId" : NumberLong("383153861951566") }
2019-03-02 16:06:10.2521 AllServer 0001 (Session.cs:150) { "_t" : "ObjectGetResponse", "RpcId" : 27, "Error" : 0, "Message" : null, "InstanceId" : NumberLong("383153861951566") }
2019-03-02 16:06:10.2521 AllServer 0001 (Session.cs:269) { "_t" : "G2M_SessionDisconnect", "RpcId" : 28, "ActorId" : NumberLong("383153861951566") }
2019-03-02 16:06:10.2521 AllServer 0001 (Session.cs:150) { "_t" : "G2M_SessionDisconnect", "RpcId" : 28, "ActorId" : NumberLong("383153861951566") }
2019-03-02 16:06:10.2521 AllServer 0001 (Session.cs:269) { "_t" : "ActorResponse", "RpcId" : 28, "Error" : 0, "Message" : null }
2019-03-02 16:06:10.2521 AllServer 0001 (Session.cs:150) { "_t" : "ActorResponse", "RpcId" : 28, "Error" : 0, "Message" : null }
